C51 COMPILER V9.03   LED_BLINK                                                             07/11/2017 12:44:19 PAGE 1   


C51 COMPILER V9.03, COMPILATION OF MODULE LED_BLINK
OBJECT MODULE PLACED IN led_blink.OBJ
COMPILER INVOKED BY: C:\Keil_v5\C51\BIN\C51.EXE led_blink.c BROWSE DEBUG OBJECTEXTEND

line level    source

   1          #include<reg51.h>
   2          void delay();
   3          void main()
   4          {
   5   1      while(1)
   6   1      {
   7   2      P2=0xff;
   8   2      delay();
   9   2      P2=0x00;
  10   2      delay();
  11   2      }
  12   1      
  13   1      }
  14          void delay()
  15          {
  16   1      int i=50000;
  17   1      while(i--);
  18   1      }


MODULE INFORMATION:   STATIC OVERLAYABLE
   CODE SIZE        =     29    ----
   CONSTANT SIZE    =   ----    ----
   XDATA SIZE       =   ----    ----
   PDATA SIZE       =   ----    ----
   DATA SIZE        =   ----    ----
   IDATA SIZE       =   ----    ----
   BIT SIZE         =   ----    ----
END OF MODULE INFORMATION.


C51 COMPILATION COMPLETE.  0 WARNING(S),  0 ERROR(S)
