C51 COMPILER V9.03   INTERRUPT                                                             12/08/2016 16:43:33 PAGE 1   


C51 COMPILER V9.03, COMPILATION OF MODULE INTERRUPT
OBJECT MODULE PLACED IN interrupt.OBJ
COMPILER INVOKED BY: C:\Keil_v5\C51\BIN\C51.EXE interrupt.c BROWSE DEBUG OBJECTEXTEND

line level    source

   1          #include<reg51.h>
   2          void delay()
   3          {
   4   1      int i=50000;
   5   1      while(i--);
   6   1      }
   7          void f1ms()
   8          {
   9   1      
  10   1      }
  11          void ex0() interrupt 1
  12          {TH0=0xfc;
  13   1      TL0=0x69;
  14   1      P1=~P1;
  15   1      }
  16          void main()
  17          {
  18   1      IE=0x83;
  19   1      TMOD=0x01;
  20   1      TR0=1;
  21   1      while(1)
  22   1      {
  23   2      P2=~P2;
  24   2      delay();
  25   2      }
  26   1      }


MODULE INFORMATION:   STATIC OVERLAYABLE
   CODE SIZE        =     42    ----
   CONSTANT SIZE    =   ----    ----
   XDATA SIZE       =   ----    ----
   PDATA SIZE       =   ----    ----
   DATA SIZE        =   ----    ----
   IDATA SIZE       =   ----    ----
   BIT SIZE         =   ----    ----
END OF MODULE INFORMATION.


C51 COMPILATION COMPLETE.  0 WARNING(S),  0 ERROR(S)
