C51 COMPILER V9.03   SERIAL                                                                11/30/2016 12:06:58 PAGE 1   


C51 COMPILER V9.03, COMPILATION OF MODULE SERIAL
OBJECT MODULE PLACED IN serial.OBJ
COMPILER INVOKED BY: C:\Keil\C51\BIN\C51.EXE serial.c BROWSE DEBUG OBJECTEXTEND

line level    source

   1          #include<reg51.h>
   2          void delay();
   3          void main()
   4          {
   5   1      TMOD=0x20;
   6   1      TH1=-3;
   7   1      TR1=1;
   8   1      SCON=0x50;
   9   1      
  10   1      while(1)
  11   1      {
  12   2      SBUF='A';
  13   2      while(TI==0);
  14   2      TI=0;
  15   2      delay();
  16   2      while(1);
  17   2      }
  18   1      }
  19          void delay()
  20          {
  21   1      int i=50000;
  22   1      while(i--);
  23   1      }


MODULE INFORMATION:   STATIC OVERLAYABLE
   CODE SIZE        =     39    ----
   CONSTANT SIZE    =   ----    ----
   XDATA SIZE       =   ----    ----
   PDATA SIZE       =   ----    ----
   DATA SIZE        =   ----    ----
   IDATA SIZE       =   ----    ----
   BIT SIZE         =   ----    ----
END OF MODULE INFORMATION.


C51 COMPILATION COMPLETE.  0 WARNING(S),  0 ERROR(S)
