C51 COMPILER V9.03   LED_SERIES                                                            11/11/2016 13:58:20 PAGE 1   


C51 COMPILER V9.03, COMPILATION OF MODULE LED_SERIES
OBJECT MODULE PLACED IN led_series.OBJ
COMPILER INVOKED BY: C:\Keil\C51\BIN\C51.EXE led_series.c BROWSE DEBUG OBJECTEXTEND

line level    source

   1          #include<reg51.h>
   2          void delay();
   3          void main()
   4          {
   5   1      while(1)
   6   1      {
   7   2      P2=0x00;
   8   2      delay();
   9   2      P2=0x03;
  10   2      delay();
  11   2      P2=0x0c;
  12   2      delay();
  13   2      P2=0x30;
  14   2      delay();
  15   2      P2=0xc0;
  16   2      delay();
  17   2      P2=0xc0;
  18   2      delay();
  19   2      P2=0x30;
  20   2      delay();
  21   2      P2=0x0c;
  22   2      delay();
  23   2      P2=0x03;
  24   2      delay();
  25   2      
  26   2      
  27   2      
  28   2      
  29   2      
  30   2      }
  31   1      
  32   1      }
  33          void delay()
  34          {
  35   1      int i=50000;
  36   1      while(i--);
  37   1      }


MODULE INFORMATION:   STATIC OVERLAYABLE
   CODE SIZE        =     71    ----
   CONSTANT SIZE    =   ----    ----
   XDATA SIZE       =   ----    ----
   PDATA SIZE       =   ----    ----
   DATA SIZE        =   ----    ----
   IDATA SIZE       =   ----    ----
   BIT SIZE         =   ----    ----
END OF MODULE INFORMATION.


C51 COMPILATION COMPLETE.  0 WARNING(S),  0 ERROR(S)
