C51 COMPILER V9.03   COUNT                                                                 11/14/2016 14:02:25 PAGE 1   


C51 COMPILER V9.03, COMPILATION OF MODULE COUNT
OBJECT MODULE PLACED IN count.OBJ
COMPILER INVOKED BY: C:\Keil\C51\BIN\C51.EXE count.c BROWSE DEBUG OBJECTEXTEND

line level    source

   1          #include<reg51.h>
   2          sbit switch1=P1^1;
   3          void delay();
   4          void main()
   5          {int i=0;
   6   1      while(1)
   7   1      {
   8   2         if(switch1==0)
   9   2         {
  10   3         i++;
  11   3         P2=i;
  12   3         while(switch1==0);
  13   3         }
  14   2      
  15   2      
  16   2      
  17   2      
  18   2      }
  19   1      }
  20          void delay()
  21          {
  22   1      int i=50000;
  23   1      while(i--);
  24   1      }


MODULE INFORMATION:   STATIC OVERLAYABLE
   CODE SIZE        =     33    ----
   CONSTANT SIZE    =   ----    ----
   XDATA SIZE       =   ----    ----
   PDATA SIZE       =   ----    ----
   DATA SIZE        =   ----    ----
   IDATA SIZE       =   ----    ----
   BIT SIZE         =   ----    ----
END OF MODULE INFORMATION.


C51 COMPILATION COMPLETE.  0 WARNING(S),  0 ERROR(S)
