C51 COMPILER V9.03   INTERRUPT                                                             12/09/2016 10:53:24 PAGE 1   


C51 COMPILER V9.03, COMPILATION OF MODULE INTERRUPT
OBJECT MODULE PLACED IN interrupt.OBJ
COMPILER INVOKED BY: C:\Keil_v5\C51\BIN\C51.EXE interrupt.c BROWSE DEBUG OBJECTEXTEND

line level    source

   1          #include<reg51.h>
   2          void delay()
   3          {
   4   1      int i=50000;
   5   1      while(i--);
   6   1      }
   7          void com() interrupt  4
   8          {
   9   1      if(RI==1)
  10   1      {
  11   2      P2=SBUF;
  12   2      RI=0;
  13   2      }
  14   1      }
  15          void main()
  16          {  
  17   1      TMOD=0x20;
  18   1      TH1=0xfd;
  19   1      TR1=1;
  20   1      SCON=0x50;
  21   1      IE=0x91;
  22   1      while(1)
  23   1      {
  24   2      P1=~P1;
  25   2      delay();
  26   2      }
  27   1      }


MODULE INFORMATION:   STATIC OVERLAYABLE
   CODE SIZE        =     46    ----
   CONSTANT SIZE    =   ----    ----
   XDATA SIZE       =   ----    ----
   PDATA SIZE       =   ----    ----
   DATA SIZE        =   ----    ----
   IDATA SIZE       =   ----    ----
   BIT SIZE         =   ----    ----
END OF MODULE INFORMATION.


C51 COMPILATION COMPLETE.  0 WARNING(S),  0 ERROR(S)
