C51 COMPILER V9.03   KEYPAD                                                                01/12/2017 11:38:44 PAGE 1   


C51 COMPILER V9.03, COMPILATION OF MODULE KEYPAD
OBJECT MODULE PLACED IN keypad.OBJ
COMPILER INVOKED BY: C:\Keil_v5\C51\BIN\C51.EXE keypad.c BROWSE DEBUG OBJECTEXTEND

line level    source

   1          #include<reg51.h>
   2          void delay()
   3          {
   4   1      int i=50000;
   5   1      while(i--);
   6   1      }
   7          void main()
   8          {
   9   1      int i,j;
  10   1      while(1)
  11   1      {
  12   2      P2=0x03;
  13   2      while(P2==0x03);
  14   2      i=P2;
  15   2      //P1=i;
  16   2      P2=0x0c;
  17   2      while(P2==0x0c);
  18   2      j=P2;
  19   2      j=j>>2;
  20   2      //P3=j;
  21   2      if((i==0x02)&&(j==0x02))
  22   2      {
  23   3      P1=0x0a;
  24   3      delay();
  25   3      }
  26   2      if((i==0x01)&&(j==0x02))
  27   2      {
  28   3      P1=0x08;
  29   3      delay();
  30   3      }
  31   2      if((i==0x02)&&(j==0x01))
  32   2      {
  33   3      P1=0x0f;
  34   3      delay();
  35   3      }
  36   2      if((i==0x01)&&(j==0x01))
  37   2      {
  38   3      P1=0xf0;
  39   3      delay();
  40   3      }
  41   2      }
  42   1      }


MODULE INFORMATION:   STATIC OVERLAYABLE
   CODE SIZE        =    145    ----
   CONSTANT SIZE    =   ----    ----
   XDATA SIZE       =   ----    ----
   PDATA SIZE       =   ----    ----
   DATA SIZE        =   ----    ----
   IDATA SIZE       =   ----    ----
   BIT SIZE         =   ----    ----
END OF MODULE INFORMATION.


C51 COMPILATION COMPLETE.  0 WARNING(S),  0 ERROR(S)
