C51 COMPILER V9.03   LCD                                                                   11/19/2016 12:46:24 PAGE 1   


C51 COMPILER V9.03, COMPILATION OF MODULE LCD
OBJECT MODULE PLACED IN lcd.OBJ
COMPILER INVOKED BY: C:\Keil\C51\BIN\C51.EXE lcd.c BROWSE DEBUG OBJECTEXTEND

line level    source

   1          #include<reg51.h>
   2          sbit rs=P1^0;
   3          sbit rw=P1^1;
   4          sbit en=P1^2;
   5          void delay();
   6          void lcd_data(unsigned char x);
   7          void lcd_command(unsigned char x);
   8          void lcd_integer(int x);
   9          void lcd_print(int z);
  10          void string(unsigned char *p)
  11          {
  12   1      while(*p)
  13   1      {
  14   2      lcd_data(*p++);
  15   2      }
  16   1      }
  17          void main()
  18          {
  19   1      lcd_command(0x38);
  20   1      lcd_command(0x06);
  21   1      lcd_command(0x01);
  22   1      lcd_command(0x0e);
  23   1      lcd_command(0x80);
  24   1      lcd_integer(1234);
  25   1      while(1);
  26   1      }
  27          void lcd_integer(int x)
  28          {
  29   1      int y,z;
  30   1      while(x>0)
  31   1      {
  32   2      y=(x%10);
  33   2      z=z*10+y;
  34   2      x=x/10;
  35   2      }
  36   1      lcd_print(z);
  37   1      }
  38          void lcd_print(int z)
  39          {  
  40   1      while(z>0)
  41   1      {
  42   2      lcd_data((z%10)+48);
  43   2      z=z/10;
  44   2      }
  45   1      }
  46          void lcd_data(unsigned char x)
  47          {
  48   1      P2=x;
  49   1      rs=1;
  50   1      rw=0;
  51   1      en=1;
  52   1      delay();
  53   1      en=0;
  54   1      }
  55          void lcd_command(unsigned char x)
C51 COMPILER V9.03   LCD                                                                   11/19/2016 12:46:24 PAGE 2   

  56          {
  57   1      P2=x;
  58   1      rs=0;
  59   1      rw=0;
  60   1      en=1;
  61   1      delay();
  62   1      en=0;
  63   1      }
  64          void delay()
  65          {
  66   1      int i=5000;
  67   1      while(i--);
  68   1      } 


MODULE INFORMATION:   STATIC OVERLAYABLE
   CODE SIZE        =    236    ----
   CONSTANT SIZE    =   ----    ----
   XDATA SIZE       =   ----    ----
   PDATA SIZE       =   ----    ----
   DATA SIZE        =   ----       7
   IDATA SIZE       =   ----    ----
   BIT SIZE         =   ----    ----
END OF MODULE INFORMATION.


C51 COMPILATION COMPLETE.  0 WARNING(S),  0 ERROR(S)
