C51 COMPILER V9.03   COUNTER                                                               11/26/2016 13:57:18 PAGE 1   


C51 COMPILER V9.03, COMPILATION OF MODULE COUNTER
OBJECT MODULE PLACED IN counter.OBJ
COMPILER INVOKED BY: C:\Keil\C51\BIN\C51.EXE counter.c BROWSE DEBUG OBJECTEXTEND

line level    source

   1          #include<reg51.h>
   2          sbit sw=P3^4;
   3          void main()
   4          {
   5   1      TMOD=0x05;
   6   1      
   7   1              
   8   1      
   9   1      TR0=1;
  10   1      while(1)
  11   1      {
  12   2      P2=TH0;
  13   2      P1=TL0;
  14   2      
  15   2      
  16   2      
  17   2      }
  18   1      }


MODULE INFORMATION:   STATIC OVERLAYABLE
   CODE SIZE        =     13    ----
   CONSTANT SIZE    =   ----    ----
   XDATA SIZE       =   ----    ----
   PDATA SIZE       =   ----    ----
   DATA SIZE        =   ----    ----
   IDATA SIZE       =   ----    ----
   BIT SIZE         =   ----    ----
END OF MODULE INFORMATION.


C51 COMPILATION COMPLETE.  0 WARNING(S),  0 ERROR(S)
