C51 COMPILER V9.51   I                                                                     01/07/2015 15:37:26 PAGE 1   


C51 COMPILER V9.51, COMPILATION OF MODULE I
OBJECT MODULE PLACED IN i.OBJ
COMPILER INVOKED BY: C:\Keil\C51\BIN\C51.EXE i.c BROWSE DEBUG OBJECTEXTEND TABS(2)

line level    source

   1          #include<reg51.h>
   2          void ex0() interrupt 0
   3          {
   4   1        P1=~P1;
   5   1      }
   6          void ex1() interrupt 2
   7          {
   8   1        P2=~P2;
   9   1      }
  10          void main()
  11          {
  12   1        IE=0x8A;
  13   1        while(1);
  14   1      }


MODULE INFORMATION:   STATIC OVERLAYABLE
   CODE SIZE        =     13    ----
   CONSTANT SIZE    =   ----    ----
   XDATA SIZE       =   ----    ----
   PDATA SIZE       =   ----    ----
   DATA SIZE        =   ----    ----
   IDATA SIZE       =   ----    ----
   BIT SIZE         =   ----    ----
END OF MODULE INFORMATION.


C51 COMPILATION COMPLETE.  0 WARNING(S),  0 ERROR(S)
