C51 COMPILER V9.03   FOUR_LED                                                              11/14/2016 10:23:04 PAGE 1   


C51 COMPILER V9.03, COMPILATION OF MODULE FOUR_LED
OBJECT MODULE PLACED IN four_led.OBJ
COMPILER INVOKED BY: C:\Keil\C51\BIN\C51.EXE four_led.c BROWSE DEBUG OBJECTEXTEND

line level    source

   1          #include<reg51.h>
   2          void delay();
   3          void main()
   4          {
   5   1      while(1)
   6   1      {
   7   2      P2=0x00;
   8   2      delay();
   9   2      P2=0x81;
  10   2      delay();
  11   2      P2=0x42;
  12   2      delay();
  13   2      P2=0x24;
  14   2      delay();
  15   2      P2=0x18;
  16   2      delay();
  17   2      P2=0x18;
  18   2      delay();
  19   2      P2=0x24;
  20   2      delay();
  21   2      P2=0x42;
  22   2      delay();
  23   2      P2=0x81;
  24   2      delay();
  25   2      }
  26   1      }
  27          void delay()
  28          {
  29   1      int i=50000;
  30   1      while(i--);
  31   1      }


MODULE INFORMATION:   STATIC OVERLAYABLE
   CODE SIZE        =     71    ----
   CONSTANT SIZE    =   ----    ----
   XDATA SIZE       =   ----    ----
   PDATA SIZE       =   ----    ----
   DATA SIZE        =   ----    ----
   IDATA SIZE       =   ----    ----
   BIT SIZE         =   ----    ----
END OF MODULE INFORMATION.


C51 COMPILATION COMPLETE.  0 WARNING(S),  0 ERROR(S)
