C51 COMPILER V9.03   KEYPAD                                                                01/12/2017 13:24:07 PAGE 1   


C51 COMPILER V9.03, COMPILATION OF MODULE KEYPAD
OBJECT MODULE PLACED IN keypad.OBJ
COMPILER INVOKED BY: C:\Keil_v5\C51\BIN\C51.EXE keypad.c BROWSE DEBUG OBJECTEXTEND

line level    source

   1          #include<stdio.h>
   2          #include<reg51.h>
   3          sbit rs=P3^0;
   4          sbit rw=P3^1;
   5          sbit en=P3^2;
   6          void lcd_integer(int x);
   7          void lcd_data(unsigned char x);
   8          void lcd_command(unsigned char x);
   9          void string(unsigned char *p)
  10          {
  11   1      while(*p)
  12   1      {
  13   2      lcd_data(*p++);
  14   2      }
  15   1      }
  16          void delay()
  17          {
  18   1      int i=5000;
  19   1      while(i--);
  20   1      }
  21          void main()
  22          {
  23   1      int i,j,k;
  24   1      lcd_command(0x38);
  25   1      lcd_command(0x0c);
  26   1      lcd_command(0x01);
  27   1      lcd_command(0x0e);
  28   1      lcd_command(0x80);
  29   1      lcd_command(0x0c);
  30   1      string("Press");
  31   1      delay();
  32   1      delay();
  33   1      delay();
  34   1      delay();
  35   1      //lcd_command(0x01);
  36   1      while(1)
  37   1      {
  38   2      P2=0x0f;
  39   2      while(P2==0x0f);
  40   2      i=P2;
  41   2      //P1=i;
  42   2      P2=0xf0;
  43   2      while(P2==0xf0);
  44   2      j=P2;
  45   2      j=j>>4;
  46   2      //P3=j;           
  47   2      if((i==0x0e)&&(j==0x0e))
  48   2      {
  49   3      k=0x00;
  50   3      lcd_command(0x80);
  51   3      lcd_integer(k);
  52   3      lcd_data('-');
  53   3      string("Zero    ");
  54   3      delay();
  55   3      }                        
C51 COMPILER V9.03   KEYPAD                                                                01/12/2017 13:24:07 PAGE 2   

  56   2      if((i==0x0d)&&(j==0x0e))
  57   2      {
  58   3      k=0x01;
  59   3      lcd_command(0x80);
  60   3      lcd_integer(k);
  61   3      lcd_data('-');
  62   3      string("One     ");
  63   3      delay();
  64   3      }
  65   2      if((i==0x0b)&&(j==0x0e))
  66   2      {
  67   3      k=0x02;
  68   3      lcd_command(0x80);
  69   3      lcd_integer(k);
  70   3      lcd_data('-');
  71   3      string("Two     ");
  72   3      delay();
  73   3      }
  74   2      if((i==0x07)&&(j==0x0e))
  75   2      {
  76   3      k=0x03;
  77   3      lcd_command(0x80);
  78   3      lcd_integer(k);
  79   3      lcd_data('-');
  80   3      string("Three   ");
  81   3      delay();
  82   3      }
  83   2      
  84   2      if((i==0x0e)&&(j==0x0d))
  85   2      {
  86   3      k=0x04;
  87   3      lcd_command(0x80);
  88   3      lcd_integer(k);
  89   3      lcd_data('-');
  90   3      string("Four    ");
  91   3      delay();
  92   3      }                        
  93   2      if((i==0x0d)&&(j==0x0d))
  94   2      {
  95   3      k=0x05;
  96   3      lcd_command(0x80);
  97   3      lcd_integer(k);
  98   3      lcd_data('-');
  99   3      string("Five    ");
 100   3      delay();
 101   3      }
 102   2      if((i==0x0b)&&(j==0x0d))
 103   2      {
 104   3      k=0x06;
 105   3      lcd_command(0x80);
 106   3      lcd_integer(k);
 107   3      lcd_data('-');
 108   3      string("Six     ");
 109   3      delay();
 110   3      }
 111   2      if((i==0x07)&&(j==0x0d))
 112   2      {
 113   3      k=0x07;
 114   3      lcd_command(0x80);
 115   3      lcd_integer(k);
 116   3      lcd_data('-');
 117   3      string("Seven   ");
C51 COMPILER V9.03   KEYPAD                                                                01/12/2017 13:24:07 PAGE 3   

 118   3      delay();
 119   3      }
 120   2      
 121   2      if((i==0x0e)&&(j==0x0b))
 122   2      {
 123   3      k=0x08;
 124   3      lcd_command(0x80);
 125   3      lcd_integer(k);
 126   3      lcd_data('-');
 127   3      string("Eight   ");
 128   3      delay();
 129   3      }                        
 130   2      if((i==0x0d)&&(j==0x0b))
 131   2      {
 132   3      k=0x09;
 133   3      lcd_command(0x80);
 134   3      lcd_integer(k);
 135   3      lcd_data('-');
 136   3      string("Nine    ");
 137   3      delay();
 138   3      }
 139   2      if((i==0x0b)&&(j==0x0b))
 140   2      {
 141   3      k=0x0a;
 142   3      lcd_command(0x80);
 143   3      lcd_integer(k);
 144   3      lcd_data('-');
 145   3      string("Ten     ");
 146   3      delay();
 147   3      }
 148   2      if((i==0x07)&&(j==0x0b))
 149   2      {
 150   3      k=0x0b;
 151   3      lcd_command(0x80);
 152   3      lcd_integer(k);
 153   3      lcd_data('-');
 154   3      string("Eleven");
 155   3      delay();
 156   3      }
 157   2      
 158   2      if((i==0x0e)&&(j==0x07))
 159   2      {
 160   3      k=0x0c;
 161   3      lcd_command(0x80);
 162   3      lcd_integer(k);
 163   3      lcd_data('-');
 164   3      string("Twelve");
 165   3      delay();
 166   3      }                        
 167   2      if((i==0x0d)&&(j==0x07))
 168   2      {
 169   3      k=0x0d;
 170   3      lcd_command(0x80);
 171   3      lcd_integer(k);
 172   3      lcd_data('-');
 173   3      string("Thirteen");
 174   3      delay();
 175   3      }
 176   2      if((i==0x0b)&&(j==0x07))
 177   2      {
 178   3      k=0x0e;
 179   3      lcd_command(0x80);
C51 COMPILER V9.03   KEYPAD                                                                01/12/2017 13:24:07 PAGE 4   

 180   3      lcd_integer(k);
 181   3      lcd_data('-');
 182   3      string("Forteen ");
 183   3      delay();
 184   3      }
 185   2      if((i==0x07)&&(j==0x07))
 186   2      {
 187   3      k=0x0f;
 188   3      lcd_command(0x80);
 189   3      lcd_integer(k);
 190   3      lcd_data('-');
 191   3      string("Fifteen ");
 192   3      delay();
 193   3      }
 194   2      } 
 195   1      }
 196          void lcd_integer(int x)
 197          {       
 198   1      unsigned char a[10];  
 199   1      if(x<10)
 200   1      {
 201   2      lcd_data(0+48);
 202   2      }
 203   1      sprintf(a,"%d",x);
 204   1      string(a);
 205   1      }
 206          void lcd_data(unsigned char x)
 207          {
 208   1      P1=x;
 209   1      rs=1;
 210   1      rw=0;
 211   1      en=1;
 212   1      delay();
 213   1      en=0;
 214   1      }
 215          void lcd_command(unsigned char x)
 216          {
 217   1      P1=x;
 218   1      rs=0;
 219   1      rw=0;
 220   1      en=1;
 221   1      delay();
 222   1      en=0;
 223   1      }


MODULE INFORMATION:   STATIC OVERLAYABLE
   CODE SIZE        =    984    ----
   CONSTANT SIZE    =    149    ----
   XDATA SIZE       =   ----    ----
   PDATA SIZE       =   ----    ----
   DATA SIZE        =   ----      21
   IDATA SIZE       =   ----    ----
   BIT SIZE         =   ----    ----
END OF MODULE INFORMATION.


C51 COMPILATION COMPLETE.  0 WARNING(S),  0 ERROR(S)
