C51 COMPILER V9.03   MOT                                                                   11/23/2016 13:38:43 PAGE 1   


C51 COMPILER V9.03, COMPILATION OF MODULE MOT
OBJECT MODULE PLACED IN mot.OBJ
COMPILER INVOKED BY: C:\Keil\C51\BIN\C51.EXE mot.c BROWSE DEBUG OBJECTEXTEND

line level    source

   1          #include<reg51.h>
   2          void delay();
   3          void main()
   4          {
   5   1      
   6   1      P2=0x01;
   7   1      delay();
   8   1      P2=0x02;
   9   1      delay();
  10   1      P2=0x04;
  11   1      delay();
  12   1      
  13   1      while(1);
  14   1      
  15   1      }
  16          void delay()
  17          {
  18   1      int i=50000;
  19   1      while(i--);
  20   1      }


MODULE INFORMATION:   STATIC OVERLAYABLE
   CODE SIZE        =     35    ----
   CONSTANT SIZE    =   ----    ----
   XDATA SIZE       =   ----    ----
   PDATA SIZE       =   ----    ----
   DATA SIZE        =   ----    ----
   IDATA SIZE       =   ----    ----
   BIT SIZE         =   ----    ----
END OF MODULE INFORMATION.


C51 COMPILATION COMPLETE.  0 WARNING(S),  0 ERROR(S)
