C51 COMPILER V9.03   SERIAL                                                                11/30/2016 13:40:27 PAGE 1   


C51 COMPILER V9.03, COMPILATION OF MODULE SERIAL
OBJECT MODULE PLACED IN serial.OBJ
COMPILER INVOKED BY: C:\Keil\C51\BIN\C51.EXE serial.c BROWSE DEBUG OBJECTEXTEND

line level    source

   1          #include<reg51.h>
   2          sbit rs=P1^0;
   3          sbit rw=P1^1;
   4          sbit en=P1^2;
   5          void lcd_data(unsigned char x);
   6          void lcd_command(unsigned char x);
   7          void lcd_ini();
   8          void delay();
   9          void string(unsigned char *x)
  10          {
  11   1      while(*x)
  12   1      {
  13   2      SBUF=*x;
  14   2      while(TI==0);
  15   2      TI=0;
  16   2      delay();
  17   2      x++;
  18   2      }
  19   1      }
  20          void string1(unsigned char *x)
  21          {
  22   1      while(*x)
  23   1      {
  24   2      lcd_data(*x++);
  25   2      
  26   2      }
  27   1      }
  28          
  29          void main()
  30          {
  31   1      char a[13]="ABCDEFGHIJKL";
  32   1      int i;
  33   1      
  34   1      lcd_ini();
  35   1      TMOD=0x20;
  36   1      TH1=0xfd;
  37   1      TR1=1;
  38   1      SCON=0x50;
  39   1      while(1)
  40   1      {
  41   2      for(i=0;i<12;i++)
  42   2      {
  43   3      while(RI==0);
  44   3      a[i]=SBUF;
  45   3      RI=0;
  46   3      }
  47   2      a[i]=0;
  48   2      string1(a);
  49   2      }
  50   1      }
  51          void lcd_ini()
  52          {
  53   1      lcd_command(0x38);
  54   1      lcd_command(0x06);
  55   1      lcd_command(0x01);
C51 COMPILER V9.03   SERIAL                                                                11/30/2016 13:40:27 PAGE 2   

  56   1      lcd_command(0x0e);
  57   1      lcd_command(0x80);
  58   1      }
  59          void lcd_data(unsigned char x)
  60          {
  61   1      P2=x;
  62   1      rs=1;
  63   1      rw=0;
  64   1      en=1;
  65   1      delay();
  66   1      en=0;
  67   1      }
  68          void lcd_command(unsigned char x)
  69          {
  70   1      P2=x;
  71   1      rs=0;
  72   1      rw=0;
  73   1      en=1;
  74   1      delay();
  75   1      en=0;
  76   1      }
  77          void delay()
  78          {
  79   1      int i=5000;
  80   1      while(i--);
  81   1      }


MODULE INFORMATION:   STATIC OVERLAYABLE
   CODE SIZE        =    228    ----
   CONSTANT SIZE    =     13    ----
   XDATA SIZE       =   ----    ----
   PDATA SIZE       =   ----    ----
   DATA SIZE        =   ----      21
   IDATA SIZE       =   ----    ----
   BIT SIZE         =   ----    ----
END OF MODULE INFORMATION.


C51 COMPILATION COMPLETE.  0 WARNING(S),  0 ERROR(S)
