C51 COMPILER V9.03   CUSTOM                                                                12/10/2016 14:22:59 PAGE 1   


C51 COMPILER V9.03, COMPILATION OF MODULE CUSTOM
OBJECT MODULE PLACED IN custom.OBJ
COMPILER INVOKED BY: C:\Keil_v5\C51\BIN\C51.EXE custom.c BROWSE DEBUG OBJECTEXTEND

line level    source

   1          #include<reg51.h>
   2          sbit rs=P1^2;
   3          sbit rw=P1^3;
   4          sbit en=P1^4;
   5          void delay();
   6          void lcd_ini();
   7          void lcd_character();
   8          void lcd_data(unsigned char x);
   9          void lcd_command(unsigned char x);
  10          void main()
  11          {
  12   1      lcd_ini();
  13   1      lcd_character();
  14   1      }
  15          void lcd_ini()
  16          {
  17   1      lcd_command(0x38);
  18   1      lcd_command(0x0e);
  19   1      lcd_command(0xc0);
  20   1      
  21   1      }
  22          void lcd_data(unsigned char x)
  23          {
  24   1      P2=x;
  25   1      rs=1;
  26   1      rw=0;
  27   1      en=1;
  28   1      delay();
  29   1      en=0;
  30   1      }
  31          void lcd_command(unsigned char x)
  32          {
  33   1      P2=x;
  34   1      rs=0;
  35   1      rw=0;
  36   1      en=1;
  37   1      delay();
  38   1      en=0;
  39   1      }
  40          void lcd_character()
  41          {                                       
  42   1      lcd_command(64);
  43   1      lcd_data(0);
  44   1      lcd_data(0x04);
  45   1      lcd_data(0x0A);
  46   1      lcd_data(0x11);
  47   1      lcd_data(0x1f);
  48   1      lcd_data(0x11);
  49   1      lcd_data(0x11);
  50   1      lcd_data(0);
  51   1      lcd_command(0x80);
  52   1      lcd_data(0);
  53   1      delay();
  54   1      
  55   1      lcd_command(72);
C51 COMPILER V9.03   CUSTOM                                                                12/10/2016 14:22:59 PAGE 2   

  56   1      lcd_data(0);
  57   1      lcd_data(0x1B);
  58   1      lcd_data(0x1B);
  59   1      lcd_data(0x15);
  60   1      lcd_data(0x11);
  61   1      lcd_data(0x11);
  62   1      lcd_data(0x11);
  63   1      lcd_data(0);
  64   1      lcd_command(0x81);
  65   1      lcd_data(1);
  66   1      delay();
  67   1      
  68   1      lcd_command(80);
  69   1      lcd_data(0);
  70   1      lcd_data(0x1f);
  71   1      lcd_data(0x04);
  72   1      lcd_data(0x04);
  73   1      lcd_data(0x04);
  74   1      lcd_data(0x04);
  75   1      lcd_data(0x1f);
  76   1      lcd_data(0);
  77   1      lcd_command(0x82);
  78   1      lcd_data(2);
  79   1      delay();
  80   1      
  81   1      lcd_command(104);
  82   1      lcd_data(0);
  83   1      lcd_data(0x1f);
  84   1      lcd_data(0x04);
  85   1      lcd_data(0x04);
  86   1      lcd_data(0x04);
  87   1      lcd_data(0x04);
  88   1      lcd_data(0x04);
  89   1      lcd_data(0);
  90   1      lcd_command(0x83);
  91   1      lcd_data(5);
  92   1      delay();
  93   1      }
  94          void delay()
  95          {
  96   1      int i=5000;
  97   1      while(i--);
  98   1      }


MODULE INFORMATION:   STATIC OVERLAYABLE
   CODE SIZE        =    296    ----
   CONSTANT SIZE    =   ----    ----
   XDATA SIZE       =   ----    ----
   PDATA SIZE       =   ----    ----
   DATA SIZE        =   ----    ----
   IDATA SIZE       =   ----    ----
   BIT SIZE         =   ----    ----
END OF MODULE INFORMATION.


C51 COMPILATION COMPLETE.  0 WARNING(S),  0 ERROR(S)
