C51 COMPILER V9.03   7SEGE                                                                 11/15/2016 15:08:26 PAGE 1   


C51 COMPILER V9.03, COMPILATION OF MODULE 7SEGE
OBJECT MODULE PLACED IN 7sege.OBJ
COMPILER INVOKED BY: C:\Keil\C51\BIN\C51.EXE 7sege.c BROWSE DEBUG OBJECTEXTEND

line level    source

   1          #include<reg51.h>
   2          sbit ss1=P1^0;
   3          sbit ss2=P1^1;
   4          sbit switch1=P1^3;
   5          sbit switch2=P1^4;
   6           void delay()
   7           {
   8   1       
   9   1       int i=50;
  10   1       while(i--);
  11   1       }
  12          void main()
  13          {
  14   1      unsigned char a[10]={0x3f,0x06,0x5b,0x4f,0x66,0x6d,0x7d,0x07,0x7f,0x67};
  15   1      int i=0,j=0;
  16   1      P2=0x00;
  17   1      while(1)
  18   1      {
  19   2      if(switch1==0)
  20   2      {
  21   3      i--;
  22   3       while (switch1==0);
  23   3      }
  24   2      if(switch2==0)
  25   2      {
  26   3      i++;
  27   3      while(switch2==0);
  28   3      }
  29   2      if(i>99)
  30   2      {
  31   3      i=0;
  32   3      }
  33   2      if(i<0)
  34   2      {
  35   3      i=99;
  36   3      }
  37   2      j=i;
  38   2      ss1=0;ss2=1;
  39   2      P2=a[j/10];
  40   2      delay();
  41   2      P2=0x00;                
  42   2      
  43   2      ss1=1;ss2=0;
  44   2      P2=a[j%10];
  45   2      delay();
  46   2       P2=0x00;
  47   2      
  48   2      
  49   2      
  50   2      
  51   2      
  52   2      
  53   2      }
  54   1      
  55   1      
C51 COMPILER V9.03   7SEGE                                                                 11/15/2016 15:08:26 PAGE 2   

  56   1      }
  57          
  58          
  59          
  60          


MODULE INFORMATION:   STATIC OVERLAYABLE
   CODE SIZE        =    152    ----
   CONSTANT SIZE    =     10    ----
   XDATA SIZE       =   ----    ----
   PDATA SIZE       =   ----    ----
   DATA SIZE        =   ----      12
   IDATA SIZE       =   ----    ----
   BIT SIZE         =   ----    ----
END OF MODULE INFORMATION.


C51 COMPILATION COMPLETE.  0 WARNING(S),  0 ERROR(S)
