C51 COMPILER V9.03   SERIAL                                                                11/30/2016 05:45:47 PAGE 1   


C51 COMPILER V9.03, COMPILATION OF MODULE SERIAL
OBJECT MODULE PLACED IN serial.OBJ
COMPILER INVOKED BY: C:\Keil\C51\BIN\C51.EXE serial.c BROWSE DEBUG OBJECTEXTEND

line level    source

   1          #include<reg51.h>
   2          sbit rs=P1^0;
   3          sbit rw=P1^1;
   4          sbit en=P1^2;
   5          void lcd_data(unsigned char x);
   6          void lcd_command(unsigned char x);
   7          void lcd_ini();
   8          void print_name(int i);
   9          void delay();
  10          void string(unsigned char *x)
  11          {
  12   1      while(*x)
  13   1      {
  14   2      SBUF=*x;
  15   2      while(TI==0);
  16   2      TI=0;
  17   2      delay();
  18   2      x++;
  19   2      }
  20   1      }
  21          void string1(unsigned char *x)
  22          {
  23   1      while(*x)
  24   1      {
  25   2      lcd_data(*x++);
  26   2      
  27   2      }
  28   1      }
  29          
  30          void main()
  31          {
  32   1      lcd_ini();
  33   1      TMOD=0x20;
  34   1      TH1=0xfd;
  35   1      TR1=1;
  36   1      SCON=0x50;
  37   1      while(1)
  38   1      print_name(11);
  39   1      }
  40          void print_name(int i)
  41          {
  42   1      char a[13]="123456789011";
  43   1      char b[13]="vimal";
  44   1      char c[13]="gaurav";
  45   1      char d[13]="himanshu";
  46   1      for(i=0;i<12;i++)
  47   1      {
  48   2      while(RI==0);
  49   2      {
  50   3      if(a[i]==a[i])
  51   3      a[i]=SBUF;
  52   3      RI=0;
  53   3      }
  54   2      }
  55   1      a[i]=0;
C51 COMPILER V9.03   SERIAL                                                                11/30/2016 05:45:47 PAGE 2   

  56   1      string1("pankaj");
  57   1      }
  58          void lcd_ini()
  59          {
  60   1      lcd_command(0x38);
  61   1      lcd_command(0x06);
  62   1      lcd_command(0x01);
  63   1      lcd_command(0x0e);
  64   1      lcd_command(0x80);
  65   1      }
  66          void lcd_data(unsigned char x)
  67          {
  68   1      P2=x;
  69   1      rs=1;
  70   1      rw=0;
  71   1      en=1;
  72   1      delay();
  73   1      en=0;
  74   1      }
  75          void lcd_command(unsigned char x)
  76          {
  77   1      P2=x;
  78   1      rs=0;
  79   1      rw=0;
  80   1      en=1;
  81   1      delay();
  82   1      en=0;
  83   1      }
  84          void delay()
  85          {
  86   1      int i=5000;
  87   1      while(i--);
  88   1      }


MODULE INFORMATION:   STATIC OVERLAYABLE
   CODE SIZE        =    286    ----
   CONSTANT SIZE    =     59    ----
   XDATA SIZE       =   ----    ----
   PDATA SIZE       =   ----    ----
   DATA SIZE        =   ----      58
   IDATA SIZE       =   ----    ----
   BIT SIZE         =   ----    ----
END OF MODULE INFORMATION.


C51 COMPILATION COMPLETE.  0 WARNING(S),  0 ERROR(S)
