C51 COMPILER V9.03   MOTOR                                                                 11/22/2016 11:33:30 PAGE 1   


C51 COMPILER V9.03, COMPILATION OF MODULE MOTOR
OBJECT MODULE PLACED IN motor.OBJ
COMPILER INVOKED BY: C:\Keil\C51\BIN\C51.EXE motor.c BROWSE DEBUG OBJECTEXTEND

line level    source

   1          #include<reg51.h>
   2          sbit in1=P3^0;
   3          sbit in2=P3^1;
   4          sbit in3=P3^2;
   5          sbit in4=P3^3;
   6          sbit sw1=P1^0;
   7          sbit sw2=P1^1;
   8          sbit rs=P1^2;
   9          sbit rw=P1^3;
  10          sbit en=P1^4;
  11          void delay();
  12          void lcd_data(unsigned char x);
  13          void lcd_command(unsigned char x);
  14          void lcd_forward(int a);
  15          void lcd_left(int b);
  16          void lcd_right(int c);
  17          void lcd_reverse(int d);
  18          void string(unsigned char *p)
  19          {while(*p)
  20   1      {lcd_data(*p++);}
  21   1      }
  22          void main()
  23          {lcd_command(0x38);
  24   1      lcd_command(0x06);
  25   1      lcd_command(0x01);
  26   1      lcd_command(0x0e);
  27   1      lcd_command(0x80);
  28   1      while(1)
  29   1      {lcd_forward(1);
  30   2      lcd_left(2);
  31   2      lcd_right(3);
  32   2      lcd_reverse(4);}
  33   1      }
  34          void lcd_forward(int a)
  35          {       
  36   1      {if((sw1==0)&&(sw2==0))
  37   2      {string("FORWARD     ");}
  38   2      }if(sw1==0)
  39   1      {in1=1;
  40   2      in2=0;
  41   2      }if(sw2==0)
  42   1      {in3=1;
  43   2      in4=0;}
  44   1      }
*** WARNING C280 IN LINE 34 OF motor.c: 'a': unreferenced local variable
  45          void lcd_left(int b)
  46          {
  47   1      {if((sw1==0)&&(sw2==1))
  48   2      {string("LEFT        ");}
  49   2      }if(sw1==0)
  50   1      {in1=1;
  51   2      in2=0;
  52   2      }if(sw2==1)
  53   1      {in3=0;
  54   2      in4=1;}
C51 COMPILER V9.03   MOTOR                                                                 11/22/2016 11:33:30 PAGE 2   

  55   1      }
*** WARNING C280 IN LINE 45 OF motor.c: 'b': unreferenced local variable
  56          void lcd_right(int c)
  57          {
  58   1      {if((sw1==1)&&(sw2==0))
  59   2      {string("RIGHT       ");}
  60   2      lcd_command(0x01);
  61   2      }if(sw1==1)
  62   1      {in1=0;
  63   2      in2=1;
  64   2      }if(sw2==0)
  65   1      {in3=1;
  66   2      in4=0;}
  67   1      }
*** WARNING C280 IN LINE 56 OF motor.c: 'c': unreferenced local variable
  68          void lcd_reverse(int d)
  69          {
  70   1      {if((sw1==1)&&(sw2==1))
  71   2      {string("REVERSE     ");}
  72   2      }if(sw1==1)
  73   1      {in1=0;
  74   2      in2=1;}
  75   1      if(sw2==1)
  76   1      {in3=0;
  77   2      in4=1;}
  78   1      }
*** WARNING C280 IN LINE 68 OF motor.c: 'd': unreferenced local variable
  79          void lcd_data(unsigned char x)
  80          {P2=x;
  81   1      rs=1;
  82   1      rw=0;
  83   1      en=1;
  84   1      delay();
  85   1      en=0;}
  86          void lcd_command(unsigned char x)
  87          {P2=x;
  88   1      rs=0;
  89   1      rw=0;
  90   1      en=1;
  91   1      delay();
  92   1      en=0;}
  93          void delay()
  94          {int i=500000;
  95   1      while(i--);}


MODULE INFORMATION:   STATIC OVERLAYABLE
   CODE SIZE        =    276    ----
   CONSTANT SIZE    =     52    ----
   XDATA SIZE       =   ----    ----
   PDATA SIZE       =   ----    ----
   DATA SIZE        =   ----      11
   IDATA SIZE       =   ----    ----
   BIT SIZE         =   ----    ----
END OF MODULE INFORMATION.


C51 COMPILATION COMPLETE.  4 WARNING(S),  0 ERROR(S)
