C51 COMPILER V9.03   CLOCK                                                                 11/26/2016 12:02:48 PAGE 1   


C51 COMPILER V9.03, COMPILATION OF MODULE CLOCK
OBJECT MODULE PLACED IN clock.OBJ
COMPILER INVOKED BY: C:\Keil\C51\BIN\C51.EXE clock.c BROWSE DEBUG OBJECTEXTEND

line level    source

   1          #include<stdio.h>
   2          #include<reg51.h>
   3          sbit rs=P1^0;
   4          sbit rw=P1^1;
   5          sbit en=P1^2;
   6          void timer_delay();
   7          void lcd_command(unsigned char x);
   8          void lcd_data(unsigned char x);
   9          void digi_clock();
  10          void lcd_integer(int x);
  11          void lcd_print(int z);
  12          void string(unsigned char *p)
  13          {
  14   1      while(*p)
  15   1      {
  16   2      lcd_data(*p++);
  17   2      }
  18   1      }
  19          void main()
  20          {         
  21   1      lcd_command(0x38);
  22   1      lcd_command(0x06);
  23   1      lcd_command(0x01);
  24   1      lcd_command(0x0e);
  25   1      while(1)
  26   1      {
  27   2      lcd_command(0x80);
  28   2      digi_clock();
  29   2      }
  30   1      }
  31          void digi_clock()
  32          {
  33   1      int hh=0,mm=0,ss=0;
  34   1      for(hh=0;hh<=23;hh++)
  35   1      {
  36   2      for(mm=0;mm<=59;mm++)
  37   2      {
  38   3      for(ss=0;ss<60;ss++)
  39   3      {  
  40   4      lcd_command(0x80);
  41   4      lcd_integer(hh);
  42   4      lcd_data(':');
  43   4      lcd_integer(mm);
  44   4      lcd_data(':');
  45   4      lcd_integer(ss);
  46   4      }
  47   3      }
  48   2      }
  49   1      }
  50          void lcd_integer(int x)
  51          {
  52   1      unsigned char a[10];
  53   1      sprintf(a,"%d",x);
  54   1      string(a);
  55   1      }
C51 COMPILER V9.03   CLOCK                                                                 11/26/2016 12:02:48 PAGE 2   

  56          void lcd_data(unsigned char x)
  57          {
  58   1      P2=x;
  59   1      rs=1;
  60   1      rw=0;
  61   1      en=1;
  62   1      timer_delay();
  63   1      en=0;
  64   1      }
  65          void lcd_command(unsigned char x)
  66          {
  67   1      P2=x;
  68   1      rs=0;
  69   1      rw=0;
  70   1      en=1;
  71   1      timer_delay();
  72   1      en=0;
  73   1      }
  74          void timer_delay()
  75          {
  76   1      int i=0;
  77   1      for(i=0;i<20;i++)
  78   1      {
  79   2      TH0=0x4c;
  80   2      TL0=0x00;
  81   2      TR0=1;
  82   2      while(TF0==0);
  83   2      TR0=0;
  84   2      TF0=0;
  85   2      TH0=0x4c;
  86   2      TL0=0x00;
  87   2      TR0=1;
  88   2      while(TF0==0);
  89   2      TR0=0;
  90   2      TF0=0;
  91   2      }
  92   1      } 


MODULE INFORMATION:   STATIC OVERLAYABLE
   CODE SIZE        =    292    ----
   CONSTANT SIZE    =      3    ----
   XDATA SIZE       =   ----    ----
   PDATA SIZE       =   ----    ----
   DATA SIZE        =   ----      19
   IDATA SIZE       =   ----    ----
   BIT SIZE         =   ----    ----
END OF MODULE INFORMATION.


C51 COMPILATION COMPLETE.  0 WARNING(S),  0 ERROR(S)
