C51 COMPILER V9.03   MOTOR                                                                 11/21/2016 13:00:47 PAGE 1   


C51 COMPILER V9.03, COMPILATION OF MODULE MOTOR
OBJECT MODULE PLACED IN motor.OBJ
COMPILER INVOKED BY: C:\Keil\C51\BIN\C51.EXE motor.c BROWSE DEBUG OBJECTEXTEND

line level    source

   1          #include<reg51.h>
   2          sbit in1=P3^0;
   3          sbit in2=P3^1;
   4          sbit in3=P3^2;
   5          sbit in4=P3^3;
   6          sbit sw1=P1^0;
   7          sbit sw2=P1^1;
   8          void delay();
   9          void main()
  10          {
  11   1      while(1)
  12   1      {                                                                               
  13   2      if(sw1==0)
  14   2      {
  15   3      in1=0;
  16   3      in2=1;
  17   3      delay();
  18   3      }
  19   2                                                                              
  20   2      if(sw2==0)
  21   2      {
  22   3      in3=0;
  23   3      in4=1;
  24   3      delay();
  25   3      }
  26   2      
  27   2      {
  28   3      if(sw1==0)
  29   3      {
  30   4      in1=0;
  31   4      in2=1;
  32   4      delay();
  33   4      }
  34   3                                                                              
  35   3      if(sw2==1)
  36   3      {
  37   4      in3=1;
  38   4      in4=0;
  39   4      delay();
  40   4      }
  41   3      }
  42   2      
  43   2      {
  44   3      if(sw1==1)
  45   3      {
  46   4      in1=1;
  47   4      in2=0;
  48   4      delay();
  49   4      }
  50   3                                                                              
  51   3      if(sw2==0)
  52   3      {
  53   4      in3=0;
  54   4      in4=1;
  55   4      delay();
C51 COMPILER V9.03   MOTOR                                                                 11/21/2016 13:00:47 PAGE 2   

  56   4      }
  57   3      }
  58   2      
  59   2      {
  60   3      if(sw1==1)
  61   3      {
  62   4      in1=1;
  63   4      in2=0;
  64   4      delay();
  65   4      }
  66   3                                                                              
  67   3      if(sw2==1)
  68   3      {
  69   4      in3=1;
  70   4      in4=0;
  71   4      delay();
  72   4      }
  73   3      }
  74   2      P3=0x00;
  75   2      }
  76   1      }
  77          
  78          void delay()
  79          {
  80   1      int i=500000;
  81   1      while(i--);
  82   1      }


MODULE INFORMATION:   STATIC OVERLAYABLE
   CODE SIZE        =    100    ----
   CONSTANT SIZE    =   ----    ----
   XDATA SIZE       =   ----    ----
   PDATA SIZE       =   ----    ----
   DATA SIZE        =   ----    ----
   IDATA SIZE       =   ----    ----
   BIT SIZE         =   ----    ----
END OF MODULE INFORMATION.


C51 COMPILATION COMPLETE.  0 WARNING(S),  0 ERROR(S)
