C51 COMPILER V9.03   INTERRUPT                                                             12/08/2016 14:36:51 PAGE 1   


C51 COMPILER V9.03, COMPILATION OF MODULE INTERRUPT
OBJECT MODULE PLACED IN interrupt.OBJ
COMPILER INVOKED BY: C:\Keil_v5\C51\BIN\C51.EXE interrupt.c BROWSE DEBUG OBJECTEXTEND

line level    source

   1          #include<reg51.h>
   2          void delay()
   3          {
   4   1      int i=50000;
   5   1      while(i--);
   6   1      }
   7          
   8          void ex0() interrupt 0
   9          {
  10   1      P2=~P2;
  11   1      }
  12          void main()
  13          {
  14   1      IE=0x81;
  15   1      while(1)
  16   1      {
  17   2                 P1=0xff;
  18   2                 delay();
  19   2                 P1=0x00;
  20   2                 delay();
  21   2      }
  22   1      }


MODULE INFORMATION:   STATIC OVERLAYABLE
   CODE SIZE        =     36    ----
   CONSTANT SIZE    =   ----    ----
   XDATA SIZE       =   ----    ----
   PDATA SIZE       =   ----    ----
   DATA SIZE        =   ----    ----
   IDATA SIZE       =   ----    ----
   BIT SIZE         =   ----    ----
END OF MODULE INFORMATION.


C51 COMPILATION COMPLETE.  0 WARNING(S),  0 ERROR(S)
