C51 COMPILER V9.03   MOT                                                                   12/09/2016 10:17:06 PAGE 1   


C51 COMPILER V9.03, COMPILATION OF MODULE MOT
OBJECT MODULE PLACED IN mot.OBJ
COMPILER INVOKED BY: C:\Keil_v5\C51\BIN\C51.EXE mot.c BROWSE DEBUG OBJECTEXTEND

line level    source

   1          #include<reg51.h>
   2          sbit sw1=P1^0;
   3          sbit sw2=P1^1;
   4          sbit rs=P1^2;
   5          sbit rw=P1^3;
   6          sbit en=P1^4;
   7          sbit in1=P3^0;
   8          sbit in2=P3^1;
   9          void delay();
  10          void lcd_data(unsigned char x);
  11          void lcd_command(unsigned char x);
  12          void lcd_integer(int x);
  13          void lcd_print(int z);
  14          void lcd_string(unsigned char *p)
  15          {
  16   1      while(*p)
  17   1      {
  18   2      lcd_data(*p++);
  19   2      }
  20   1      }
  21          void main()
  22          {
  23   1      int i=0;
  24   1      lcd_command(0x38);
  25   1      lcd_command(0x06);
  26   1      lcd_command(0x01);
  27   1      lcd_command(0x0e);
  28   1      lcd_command(0x80);
  29   1      while(1)
  30   1      {
  31   2      if(i>=20)
  32   2      {
  33   3      in1=1;
  34   3      in2=0;
  35   3      }
  36   2      if(i<20)
  37   2      {
  38   3      in1=0;
  39   3      in2=0;
  40   3      }
  41   2      {
  42   3      lcd_command(0x01);
  43   3      if(sw1==0)
  44   3      {
  45   4      i++;
  46   4      lcd_integer(i);
  47   4      lcd_string("   ");
  48   4      }
  49   3      else if(sw2==0)
  50   3      {
  51   4      i--;
  52   4      lcd_integer(i);
  53   4      lcd_string("   ");
  54   4      }
  55   3      }
C51 COMPILER V9.03   MOT                                                                   12/09/2016 10:17:06 PAGE 2   

  56   2      }
  57   1      }
  58          void lcd_integer(int x)
  59          {
  60   1      int y,z=0;
  61   1      while(x>0)
  62   1      {
  63   2      y=(x%10);
  64   2      z=z*10+y;
  65   2      x=x/10;
  66   2      }
  67   1      lcd_print(z);
  68   1      }
  69          void lcd_print(int z)
  70          {  
  71   1      while(z>0)
  72   1      {
  73   2      lcd_data((z%10)+48);
  74   2      z=z/10;
  75   2      }
  76   1      }
  77          void lcd_data(unsigned char x)
  78          {
  79   1      P2=x;
  80   1      rs=1;
  81   1      rw=0;
  82   1      en=1;
  83   1      delay();
  84   1      en=0;
  85   1      }
  86          void lcd_command(unsigned char x)
  87          {
  88   1      P2=x;
  89   1      rs=0;
  90   1      rw=0;
  91   1      en=1;
  92   1      delay();
  93   1      en=0;
  94   1      }
  95          void delay()
  96          {
  97   1      int i=5000;
  98   1      while(i--);
  99   1      }


MODULE INFORMATION:   STATIC OVERLAYABLE
   CODE SIZE        =    325    ----
   CONSTANT SIZE    =      4    ----
   XDATA SIZE       =   ----    ----
   PDATA SIZE       =   ----    ----
   DATA SIZE        =   ----       9
   IDATA SIZE       =   ----    ----
   BIT SIZE         =   ----    ----
END OF MODULE INFORMATION.


C51 COMPILATION COMPLETE.  0 WARNING(S),  0 ERROR(S)
