C51 COMPILER V9.03   PROJECT                                                               12/10/2016 10:20:43 PAGE 1   


C51 COMPILER V9.03, COMPILATION OF MODULE PROJECT
OBJECT MODULE PLACED IN project.OBJ
COMPILER INVOKED BY: C:\Keil_v5\C51\BIN\C51.EXE project.c BROWSE DEBUG OBJECTEXTEND

line level    source

   1          #include<stdio.h>
   2          #include<reg51.h>
   3          sbit rs=P1^0;
   4          sbit rw=P1^1;
   5          sbit en=P1^2;
   6          sbit sw1=P1^3;
   7          sbit sw2=P1^4;
   8          sbit in1=P1^6;
   9          sbit in2=P1^7;
  10          void delay();
  11          void lcd_data(unsigned char x);
  12          void lcd_command(unsigned char x);
  13          void lcd_integer(int x);
  14          void ser_comm();
  15          void string1(unsigned char *p);
  16          void string(unsigned char *p)
  17          {
  18   1      while(*p)
  19   1      {
  20   2      lcd_data(*p++);
  21   2      }
  22   1      }
  23          void main()
  24          {
  25   1      int i=0;
  26   1      lcd_command(0x38);
  27   1      lcd_command(0x06);
  28   1      lcd_command(0x01);
  29   1      lcd_command(0x0e);
  30   1      lcd_command(0x80);
  31   1      ser_comm();
  32   1      while(1)
  33   1      {
  34   2      if((sw1==0))
  35   2      {
  36   3      if(i>=20)
  37   3      i=20;
  38   3      lcd_command(0x80);
  39   3      i++;
  40   3      lcd_integer(i);
  41   3      string("   ");
  42   3      while(sw1==0);
  43   3      }
  44   2      else if(sw2==0 )
  45   2      {
  46   3      if(i>=20)
  47   3      i=20;
  48   3      lcd_command(0x80);
  49   3      i--;
  50   3      lcd_integer(i);
  51   3      string("   ");
  52   3      while(sw2==0);
  53   3      }
  54   2      }
  55   1      }
C51 COMPILER V9.03   PROJECT                                                               12/10/2016 10:20:43 PAGE 2   

  56          void ser_comm(unsigned char p)
  57          {
  58   1      TMOD=0x20;
  59   1      TH1=-3;
  60   1      TR1=1;
  61   1      SCON=0x50;
  62   1      SBUF=p;
  63   1      while(TI==0);
  64   1      TI=0;
  65   1      }
  66          void string1(unsigned char *p)
  67          {
  68   1      while(*p)
  69   1      {
  70   2      ser_comm(*p);
  71   2      p++;
  72   2      }
  73   1      }
  74          void lcd_data(unsigned char x)
  75          {
  76   1      P2=x;
  77   1      rs=1;
  78   1      rw=0;
  79   1      en=1;
  80   1      delay();
  81   1      en=0;
  82   1      }
  83          void lcd_command(unsigned char x)
  84          {
  85   1      P2=x;
  86   1      rs=0;
  87   1      rw=0;
  88   1      en=1;
  89   1      delay();
  90   1      en=0;
  91   1      }
  92          void lcd_integer(int x)
  93          {       
  94   1      unsigned char a[10];  
  95   1      if(x>=20)
  96   1      {
  97   2      string1("The room is full");
  98   2      x=20;
  99   2      }
 100   1      if(x<20)
 101   1      {
 102   2      in1=1;
 103   2      in2=0;
 104   2      delay();
 105   2      in1=0;
 106   2      in2=1;
 107   2      delay();
 108   2      in1=0;
 109   2      in2=0;
 110   2      }
 111   1      sprintf(a,"%d",x);
 112   1      string(a);
 113   1      }
 114          void delay()
 115          {
 116   1      int i=5000;
 117   1      while(i--);
C51 COMPILER V9.03   PROJECT                                                               12/10/2016 10:20:43 PAGE 3   

 118   1      }


MODULE INFORMATION:   STATIC OVERLAYABLE
   CODE SIZE        =    352    ----
   CONSTANT SIZE    =     24    ----
   XDATA SIZE       =   ----    ----
   PDATA SIZE       =   ----    ----
   DATA SIZE        =   ----      17
   IDATA SIZE       =   ----    ----
   BIT SIZE         =   ----    ----
END OF MODULE INFORMATION.


C51 COMPILATION COMPLETE.  0 WARNING(S),  0 ERROR(S)
