C51 COMPILER V9.03   MOTOR                                                                 11/23/2016 10:30:54 PAGE 1   


C51 COMPILER V9.03, COMPILATION OF MODULE MOTOR
OBJECT MODULE PLACED IN motor.OBJ
COMPILER INVOKED BY: C:\Keil\C51\BIN\C51.EXE motor.c BROWSE DEBUG OBJECTEXTEND

line level    source

   1          #include<reg51.h>
   2          sbit sw1=P1^0;
   3          sbit sw2=P1^1;
   4          sbit rs=P1^2;
   5          sbit rw=P1^3;
   6          sbit en=P1^4;
   7          sbit in1=P3^0;
   8          sbit in2=P3^1;
   9          void delay();
  10          void lcd_data(unsigned char x);
  11          void lcd_command(unsigned char x);
  12          void lcd_integer(int x);
  13          void lcd_print(int z);
  14          void lcd_string(unsigned char *p)
  15          {
  16   1      while(*p)
  17   1      {
  18   2      lcd_data(*p++);
  19   2      }
  20   1      }
  21          void main()
  22          {int i=0;
  23   1      
  24   1      lcd_command(0x38);
  25   1      lcd_command(0x06);
  26   1      lcd_command(0x01);
  27   1      lcd_command(0x0e);
  28   1      lcd_command(0x80);
  29   1      
  30   1      while(1)
  31   1      
  32   1      {
  33   2      if(i>=20)
  34   2      {
  35   3      in1=1;
  36   3      in2=0;
  37   3      }
  38   2      
  39   2      
  40   2      {lcd_command(0x80);
  41   3      if(sw1==0 )
  42   3      {
  43   4      i++;
  44   4      lcd_integer(i);
  45   4      lcd_string("   ");
  46   4      }
  47   3      
  48   3      else if(sw2==0 )
  49   3      {
  50   4      i--;
  51   4      lcd_integer(i);
  52   4      lcd_string("   ");
  53   4      }
  54   3         
  55   3      
C51 COMPILER V9.03   MOTOR                                                                 11/23/2016 10:30:54 PAGE 2   

  56   3      }
  57   2      }
  58   1      }
  59          
  60          void lcd_integer(int x)
  61          {
  62   1      int y,z=0;
  63   1      while(x>0)
  64   1      {
  65   2      y=(x%10);
  66   2      z=z*10+y;
  67   2      x=x/10;
  68   2      }
  69   1      lcd_print(z);
  70   1      }
  71          void lcd_print(int z)
  72          {  
  73   1      while(z>0)
  74   1      {
  75   2      lcd_data((z%10)+48);
  76   2      z=z/10;
  77   2      }
  78   1      }
  79          void lcd_data(unsigned char x)
  80          {
  81   1      P2=x;
  82   1      rs=1;
  83   1      rw=0;
  84   1      en=1;
  85   1      delay();
  86   1      en=0;
  87   1      }
  88          void lcd_command(unsigned char x)
  89          {
  90   1      P2=x;
  91   1      rs=0;
  92   1      rw=0;
  93   1      en=1;
  94   1      delay();
  95   1      en=0;
  96   1      }
  97          void delay()
  98          {
  99   1      int i=5000;
 100   1      while(i--);
 101   1      }


MODULE INFORMATION:   STATIC OVERLAYABLE
   CODE SIZE        =    308    ----
   CONSTANT SIZE    =      4    ----
   XDATA SIZE       =   ----    ----
   PDATA SIZE       =   ----    ----
   DATA SIZE        =   ----       9
   IDATA SIZE       =   ----    ----
   BIT SIZE         =   ----    ----
END OF MODULE INFORMATION.


C51 COMPILATION COMPLETE.  0 WARNING(S),  0 ERROR(S)
