C51 COMPILER V9.03   CLOCK                                                                 11/26/2016 13:36:08 PAGE 1   


C51 COMPILER V9.03, COMPILATION OF MODULE CLOCK
OBJECT MODULE PLACED IN clock.OBJ
COMPILER INVOKED BY: C:\Keil\C51\BIN\C51.EXE clock.c BROWSE DEBUG OBJECTEXTEND

line level    source

   1          #include<stdio.h>
   2          #include<reg51.h>
   3          sbit rs=P1^0;
   4          sbit rw=P1^1;
   5          sbit en=P1^2;
   6          sbit sw=P1^3;
   7          void timer_delay();
   8          void lcd_command(unsigned char x);
   9          void lcd_data(unsigned char x);
  10          void digi_clock();
  11          void lcd_integer(int x);
  12          void lcd_print(int z);
  13          void string(unsigned char *p)
  14          {
  15   1      while(*p)
  16   1      {
  17   2      lcd_data(*p++);
  18   2      }
  19   1      }
  20          void main()
  21          {         
  22   1      lcd_command(0x38);
  23   1      lcd_command(0x06);
  24   1      lcd_command(0x01);
  25   1      lcd_command(0x0e);
  26   1      lcd_command(0x80);
  27   1      while(1)
  28   1      { 
  29   2      digi_clock();
  30   2      }
  31   1      }
  32          void digi_clock()
  33          {
  34   1      int hh=0,mm=0,ss=0;
  35   1      for(hh=0;hh<=23;hh++)
  36   1      {
  37   2      for(mm=0;mm<=59;mm++)
  38   2      {
  39   3      for(ss=0;ss<=59;ss++)
  40   3      {if(sw==0)
  41   4      {  
  42   5      lcd_command(0x80);
  43   5      lcd_integer(hh);
  44   5      lcd_data(':');
  45   5      lcd_integer(mm);
  46   5      lcd_data(':');
  47   5      lcd_integer(ss);
  48   5      }
  49   4      else 
  50   4      lcd_command(0x01);
  51   4      }
  52   3      }
  53   2      }
  54   1      }
  55          void lcd_integer(int x)
C51 COMPILER V9.03   CLOCK                                                                 11/26/2016 13:36:08 PAGE 2   

  56          {
  57   1      unsigned char a[10];
  58   1      sprintf(a,"%d",x);
  59   1      string(a);
  60   1      }
  61          void lcd_data(unsigned char x)
  62          {
  63   1      P2=x;
  64   1      rs=1;
  65   1      rw=0;
  66   1      en=1;
  67   1      timer_delay();
  68   1      en=0;
  69   1      }
  70          void lcd_command(unsigned char x)
  71          {
  72   1      P2=x;
  73   1      rs=0;
  74   1      rw=0;
  75   1      en=1;
  76   1      timer_delay();
  77   1      en=0;
  78   1      }
  79          void timer_delay()
  80          {
  81   1      int i=0;
  82   1      for(i=0;i<10;i++)
  83   1      {
  84   2      TH0=0x4c;
  85   2      TL0=0x00;
  86   2      TR0=1;
  87   2      while(TF0==0);
  88   2      TR0=0;
  89   2      TF0=0;
  90   2      TH0=0x4c;
  91   2      TL0=0x00;
  92   2      TR0=1;
  93   2      while(TF0==0);
  94   2      TR0=0;
  95   2      TF0=0;
  96   2      }
  97   1      } 


MODULE INFORMATION:   STATIC OVERLAYABLE
   CODE SIZE        =    302    ----
   CONSTANT SIZE    =      3    ----
   XDATA SIZE       =   ----    ----
   PDATA SIZE       =   ----    ----
   DATA SIZE        =   ----      19
   IDATA SIZE       =   ----    ----
   BIT SIZE         =   ----    ----
END OF MODULE INFORMATION.


C51 COMPILATION COMPLETE.  0 WARNING(S),  0 ERROR(S)
