C51 COMPILER V9.03   LCD                                                                   11/19/2016 15:03:02 PAGE 1   


C51 COMPILER V9.03, COMPILATION OF MODULE LCD
OBJECT MODULE PLACED IN lcd.OBJ
COMPILER INVOKED BY: C:\Keil\C51\BIN\C51.EXE lcd.c BROWSE DEBUG OBJECTEXTEND

line level    source

   1          #include<reg51.h>
   2          sbit rs=P1^0;
   3          sbit rw=P1^1;
   4          sbit en=P1^2;
   5          void delay();
   6          void lcd_data(unsigned char x);
   7          void lcd_command(unsigned char x);
   8          void lcd_float(float x);
   9          void lcd_integer(int x);
  10          void lcd_print(int z);
  11          void string(unsigned char *p)
  12          {
  13   1      while(*p)
  14   1      {
  15   2      lcd_data(*p++);
  16   2      }
  17   1      }
  18          void main()
  19          {
  20   1      lcd_command(0x38);
  21   1      lcd_command(0x06);
  22   1      lcd_command(0x01);
  23   1      lcd_command(0x0e);
  24   1      lcd_command(0x80);
  25   1      lcd_float(4.556);
  26   1      
  27   1      while(1);
  28   1      }
  29          void lcd_float(float x)
  30          {
  31   1      int y,z;
  32   1      y=x;
  33   1      z=(x-y)*1000;
  34   1      
  35   1      lcd_integer(x);
  36   1      lcd_data('.');
  37   1      lcd_integer(z);
  38   1      }
  39          void lcd_integer(int x)
  40          {
  41   1      int y,z=0;
  42   1      while(x>0)
  43   1      {
  44   2      y=(x%10);
  45   2      z=z*10+y;
  46   2      x=x/10;
  47   2      }
  48   1      lcd_print(z);
  49   1      }
  50          void lcd_print(int z)
  51          {  
  52   1      while(z>0)
  53   1      {
  54   2      lcd_data((z%10)+48);
  55   2      z=z/10;
C51 COMPILER V9.03   LCD                                                                   11/19/2016 15:03:02 PAGE 2   

  56   2      }
  57   1      }
  58          void lcd_data(unsigned char x)
  59          {
  60   1      P2=x;
  61   1      rs=1;
  62   1      rw=0;
  63   1      en=1;
  64   1      delay();
  65   1      en=0;
  66   1      }
  67          void lcd_command(unsigned char x)
  68          {
  69   1      P2=x;
  70   1      rs=0;
  71   1      rw=0;
  72   1      en=1;
  73   1      delay();
  74   1      en=0;
  75   1      }
  76          void delay()
  77          {
  78   1      int i=5000;
  79   1      while(i--);
  80   1      } 


MODULE INFORMATION:   STATIC OVERLAYABLE
   CODE SIZE        =    324    ----
   CONSTANT SIZE    =   ----    ----
   XDATA SIZE       =   ----    ----
   PDATA SIZE       =   ----    ----
   DATA SIZE        =   ----      13
   IDATA SIZE       =   ----    ----
   BIT SIZE         =   ----    ----
END OF MODULE INFORMATION.


C51 COMPILATION COMPLETE.  0 WARNING(S),  0 ERROR(S)
