C51 COMPILER V9.03   7_SEG                                                                 11/15/2016 12:57:57 PAGE 1   


C51 COMPILER V9.03, COMPILATION OF MODULE 7_SEG
OBJECT MODULE PLACED IN 7-seg.OBJ
COMPILER INVOKED BY: C:\Keil\C51\BIN\C51.EXE 7-seg.c BROWSE DEBUG OBJECTEXTEND

line level    source

   1          #include<reg51.h>
   2          sbit ss1=P1^1;
   3          sbit ss2=P1^2;
   4          void delay();
   5          void main()
   6          {
   7   1      unsigned char a[10]={0x3f,0x06,0x5b,0x4f,0x66,0x6d,0x7d,0x07,0x7f,0x67};
   8   1      int i,j,k;
   9   1      while(1)
  10   1      {for(i=0;i<10;i++)
  11   2      for(j=0;j<10;j++)
  12   2      for(k=0;k<5000;k++)
  13   2      {
  14   3      ss1=0;
  15   3      ss2=1;
  16   3      P2=a[i];
  17   3      delay();
  18   3      P2=0x00;
  19   3               
  20   3      ss1=1;
  21   3      ss2=0;
  22   3      P2=a[j];
  23   3          delay();
  24   3      P2=0x00;
  25   3      
  26   3      }}
  27   1      }
  28          
  29          
  30          void delay()
  31          { 
  32   1      int i=5;
  33   1      while(i--);
  34   1      }


MODULE INFORMATION:   STATIC OVERLAYABLE
   CODE SIZE        =    144    ----
   CONSTANT SIZE    =     10    ----
   XDATA SIZE       =   ----    ----
   PDATA SIZE       =   ----    ----
   DATA SIZE        =   ----      16
   IDATA SIZE       =   ----    ----
   BIT SIZE         =   ----    ----
END OF MODULE INFORMATION.


C51 COMPILATION COMPLETE.  0 WARNING(S),  0 ERROR(S)
