C51 COMPILER V9.03   TIMER                                                                 05/08/2017 00:12:49 PAGE 1   


C51 COMPILER V9.03, COMPILATION OF MODULE TIMER
OBJECT MODULE PLACED IN timer.OBJ
COMPILER INVOKED BY: C:\Keil_v5\C51\BIN\C51.EXE timer.c BROWSE DEBUG OBJECTEXTEND

line level    source

   1          #include<reg51.h>
   2          void main()
   3          {
   4   1      TMOD=0x02;
   5   1      TH0=256-4;
   6   1      while(1)
   7   1      {
   8   2      
   9   2      
  10   2      TR0=1;
  11   2      while(TF0==0);
  12   2      TR0=0;
  13   2      TF0=0;
  14   2      P2=0x00;
  15   2      
  16   2      TR0=1;
  17   2      while(TF0==0);
  18   2      TR0=0;
  19   2      TF0=0;
  20   2      P2=0xff;
  21   2      }
  22   1      }


MODULE INFORMATION:   STATIC OVERLAYABLE
   CODE SIZE        =     32    ----
   CONSTANT SIZE    =   ----    ----
   XDATA SIZE       =   ----    ----
   PDATA SIZE       =   ----    ----
   DATA SIZE        =   ----    ----
   IDATA SIZE       =   ----    ----
   BIT SIZE         =   ----    ----
END OF MODULE INFORMATION.


C51 COMPILATION COMPLETE.  0 WARNING(S),  0 ERROR(S)
