C51 COMPILER V9.03   SAND_CLOCK                                                            11/12/2016 12:16:43 PAGE 1   


C51 COMPILER V9.03, COMPILATION OF MODULE SAND_CLOCK
OBJECT MODULE PLACED IN sand_clock.OBJ
COMPILER INVOKED BY: C:\Keil\C51\BIN\C51.EXE sand_clock.c BROWSE DEBUG OBJECTEXTEND

line level    source

   1          #include<reg51.h>
   2          void delay();
   3          void main()
   4          {int i=0,j=0,k=8;
   5   1      while(1)
   6   1      { for(i=0;i<k;i++)
   7   2      {
   8   3      delay();
   9   3      P2=(1<<i)|j;
  10   3      }
  11   2      j=P2;
  12   2      k--;
  13   2      if(j==0xff)
  14   2      {
  15   3      j=0;
  16   3      k=8;
  17   3      }
  18   2      
  19   2      
  20   2      
  21   2      
  22   2      
  23   2      
  24   2      
  25   2      }
  26   1      }
  27          void delay()
  28          {
  29   1      int i=50000;
  30   1      while(i--);
  31   1      }


MODULE INFORMATION:   STATIC OVERLAYABLE
   CODE SIZE        =    114    ----
   CONSTANT SIZE    =   ----    ----
   XDATA SIZE       =   ----    ----
   PDATA SIZE       =   ----    ----
   DATA SIZE        =   ----       6
   IDATA SIZE       =   ----    ----
   BIT SIZE         =   ----    ----
END OF MODULE INFORMATION.


C51 COMPILATION COMPLETE.  0 WARNING(S),  0 ERROR(S)
