C51 COMPILER V9.03   7_SEGMENT                                                             11/15/2016 11:25:35 PAGE 1   


C51 COMPILER V9.03, COMPILATION OF MODULE 7_SEGMENT
OBJECT MODULE PLACED IN 7-segment.OBJ
COMPILER INVOKED BY: C:\Keil\C51\BIN\C51.EXE 7-segment.c BROWSE DEBUG OBJECTEXTEND

line level    source

   1          #include<reg51.h>
   2          sbit switch1=P1^1;
   3          void delay();
   4          void main()
   5          {
   6   1      unsigned char a[10]={0x3f,0x06,0x5b,0x4f,0x66,0x6d,0x7d,0x07,0x7f,0x67};
   7   1      
   8   1      int i;
   9   1      while(1)
  10   1      {
  11   2      
  12   2      for(i=0;i<10;i++)
  13   2      { 
  14   3      if(switch1=1)
*** WARNING C276 IN LINE 14 OF 7-segment.c: constant in condition expression
  15   3      {
  16   4      P2=a[i];
  17   4      
  18   4      delay();
  19   4      
  20   4      
  21   4      
  22   4      
  23   4      while(switch1==1);
  24   4      }
  25   3      }
  26   2      }
  27   1      }
  28          void delay()
  29          {
  30   1      int i=50000;
  31   1      while(i--);
  32   1      }


MODULE INFORMATION:   STATIC OVERLAYABLE
   CODE SIZE        =     77    ----
   CONSTANT SIZE    =     10    ----
   XDATA SIZE       =   ----    ----
   PDATA SIZE       =   ----    ----
   DATA SIZE        =   ----      12
   IDATA SIZE       =   ----    ----
   BIT SIZE         =   ----    ----
END OF MODULE INFORMATION.


C51 COMPILATION COMPLETE.  1 WARNING(S),  0 ERROR(S)
