C51 COMPILER V9.03   SERIAL                                                                12/02/2016 13:50:04 PAGE 1   


C51 COMPILER V9.03, COMPILATION OF MODULE SERIAL
OBJECT MODULE PLACED IN serial.OBJ
COMPILER INVOKED BY: C:\Keil_v5\C51\BIN\C51.EXE serial.c BROWSE DEBUG OBJECTEXTEND

line level    source

   1          #include<reg51.h>
   2          sbit ss1=P1^0;
   3          sbit ss2=P1^1;
   4          sbit ss3=P1^2;
   5          unsigned char recieve();
   6          void delay()
   7          {
   8   1      int i=5000;
   9   1      while(i--);
  10   1      }
  11          void main()
  12          {
  13   1      unsigned char a[10]={0x3f,0x06,0x5b,0x4f,0x66,0x6d,0x7d,0x07,0x7f,0x6f};
  14   1      int i=recieve();
  15   1      while(1)
  16   1      {
  17   2      if(RI==1)
  18   2      {
  19   3      i=SBUF;
  20   3      RI=0;
  21   3      i=i%100;
  22   3      }
  23   2      P2=a[i/10];
  24   2      ss1=0;
  25   2      ss2=1;
  26   2      ss3=1;
  27   2      P2=0x00;
  28   2      P2=a[(i%10)];
  29   2      ss1=1;
  30   2      ss2=0;
  31   2      ss3=1;
  32   2      P2=0x00;
  33   2      P2=a[i%10];
  34   2      ss1=1;
  35   2      ss2=1;
  36   2      ss3=0;
  37   2      P2=0x00;
  38   2      }
  39   1      }
  40          unsigned char recieve()
  41          {
  42   1      TMOD=0x20;
  43   1      TH1=-3;
  44   1      TR1=1;
  45   1      SCON=0x50;
  46   1      SBUF='A';
  47   1      while(TI==0);
  48   1      TI=0;
  49   1      while(RI==0);
  50   1      RI=0;
  51   1      return SBUF;
  52   1      }


MODULE INFORMATION:   STATIC OVERLAYABLE
C51 COMPILER V9.03   SERIAL                                                                12/02/2016 13:50:04 PAGE 2   

   CODE SIZE        =    156    ----
   CONSTANT SIZE    =     10    ----
   XDATA SIZE       =   ----    ----
   PDATA SIZE       =   ----    ----
   DATA SIZE        =   ----      10
   IDATA SIZE       =   ----    ----
   BIT SIZE         =   ----    ----
END OF MODULE INFORMATION.


C51 COMPILATION COMPLETE.  0 WARNING(S),  0 ERROR(S)
