C51 COMPILER V9.03   7_SEG                                                                 11/17/2016 10:59:44 PAGE 1   


C51 COMPILER V9.03, COMPILATION OF MODULE 7_SEG
OBJECT MODULE PLACED IN 7_seg.OBJ
COMPILER INVOKED BY: C:\Keil\C51\BIN\C51.EXE 7_seg.c BROWSE DEBUG OBJECTEXTEND

line level    source

   1          #include<reg51.h>
   2          sbit ss1=P1^0;
   3          sbit ss2=P1^1;
   4          sbit switch1=P1^3;
   5          sbit switch2=P1^4;
   6          void delay();
   7          void main()
   8          {
   9   1      unsigned char a[10]={0x3f,0x06,0x5b,0x4f,0x66,0x6d,0x7d,0x07,0x7f,0x67};
  10   1      int i=0,j=0;
  11   1      P2=0x00;
  12   1      while(1)
  13   1      {
  14   2      if(switch1==0)
  15   2      {
  16   3      i--;
  17   3      while(switch1==0);
  18   3      }
  19   2      if(switch2==0)
  20   2      {
  21   3      i++;
  22   3      while(switch2==0);
  23   3      }
  24   2      if(i>99)
  25   2      {
  26   3      i=0;
  27   3      }
  28   2      if(i<0)
  29   2      {
  30   3      i=99;
  31   3      }
  32   2      j=i;
  33   2      ss1=0;ss2=1;
  34   2      P2=a[j/10];
  35   2      delay();
  36   2      P2=0x00;
  37   2      
  38   2      ss1=1;ss2=0;
  39   2      P2=a[j%10];
  40   2      delay();
  41   2      P2=0x00;
  42   2      }
  43   1      }
  44          void delay()
  45          {
  46   1      int i=50;
  47   1      while (i--);
  48   1      }


MODULE INFORMATION:   STATIC OVERLAYABLE
   CODE SIZE        =    169    ----
   CONSTANT SIZE    =     10    ----
   XDATA SIZE       =   ----    ----
   PDATA SIZE       =   ----    ----
C51 COMPILER V9.03   7_SEG                                                                 11/17/2016 10:59:44 PAGE 2   

   DATA SIZE        =   ----      14
   IDATA SIZE       =   ----    ----
   BIT SIZE         =   ----    ----
END OF MODULE INFORMATION.


C51 COMPILATION COMPLETE.  0 WARNING(S),  0 ERROR(S)
