C51 COMPILER V9.03   NAME                                                                  12/10/2016 13:16:14 PAGE 1   


C51 COMPILER V9.03, COMPILATION OF MODULE NAME
OBJECT MODULE PLACED IN name.OBJ
COMPILER INVOKED BY: C:\Keil_v5\C51\BIN\C51.EXE name.c BROWSE DEBUG OBJECTEXTEND

line level    source

   1          #include<stdio.h>
   2          #include<reg51.h>
   3          sbit rs=P1^2;
   4          sbit rw=P1^3;
   5          sbit en=P1^4;
   6          void delay();
   7          void lcd_character();
   8          void lcd_integer(int x);
   9          void lcd_data(unsigned char x);
  10          void lcd_command(unsigned char x);
  11          void string1(unsigned char *p);
  12          void string(unsigned char *p)
  13          {
  14   1      while(*p)
  15   1      {
  16   2      lcd_data(*p++);
  17   2      }
  18   1      }
  19          void string1(unsigned char *p)
  20          {
  21   1      while(*p)
  22   1      {
  23   2      lcd_data(*p);
  24   2      p++;
  25   2      }
  26   1      }
  27          void main()
  28          {
  29   1      lcd_command(0x38);
  30   1      lcd_command(0x0c);
  31   1      lcd_integer();
*** WARNING C209 IN LINE 31 OF name.c: '_lcd_integer': too few actual parameters
  32   1      /*lcd_command(0xd0);
  33   1      lcd_command(0x18);
  34   1      string1("HELLO WORLD!!!!");
  35   1      */
  36   1      }
  37          void lcd_integer(int x)
  38          {       
  39   1      unsigned char a[10];  
  40   1      sprintf(a,"%d",x);
  41   1      {
  42   2      lcd_command(0x90);
  43   2      lcd_command(0x1c);
  44   2      string("HELLO WORLD!!!!");
  45   2      }
  46   1      }
  47          void lcd_data(unsigned char x)
  48          {
  49   1      P2=x;
  50   1      rs=1;
  51   1      rw=0;
  52   1      en=1;
  53   1      delay();
  54   1      en=0;
C51 COMPILER V9.03   NAME                                                                  12/10/2016 13:16:14 PAGE 2   

  55   1      }
  56          void lcd_command(unsigned char x)
  57          {
  58   1      P2=x;
  59   1      rs=0;
  60   1      rw=0;
  61   1      en=1;
  62   1      delay();
  63   1      en=0;
  64   1      }
  65          void delay()
  66          {
  67   1      int i=500;
  68   1      while(i--);
  69   1      }


MODULE INFORMATION:   STATIC OVERLAYABLE
   CODE SIZE        =    169    ----
   CONSTANT SIZE    =     19    ----
   XDATA SIZE       =   ----    ----
   PDATA SIZE       =   ----    ----
   DATA SIZE        =   ----      16
   IDATA SIZE       =   ----    ----
   BIT SIZE         =   ----    ----
END OF MODULE INFORMATION.


C51 COMPILATION COMPLETE.  1 WARNING(S),  0 ERROR(S)
