C51 COMPILER V9.51   MOTOR                                                                 07/04/2017 12:43:42 PAGE 1   


C51 COMPILER V9.51, COMPILATION OF MODULE MOTOR
OBJECT MODULE PLACED IN motor.OBJ
COMPILER INVOKED BY: C:\Keil\C51\BIN\C51.EXE motor.c BROWSE DEBUG OBJECTEXTEND

line level    source

   1          #include<reg51.h>
   2          void delay();
   3          void main()
   4          {
   5   1      while(1)
   6   1      {
   7   2      P2=0x0c<<4;
   8   2      delay();
   9   2      P2=0x06<<4;
  10   2      delay();
  11   2      P2=0x03<<4;
  12   2      delay();
  13   2      P2=0x09<<4;
  14   2      delay();
  15   2      }
  16   1      
  17   1      }
  18          void delay()
  19          {
  20   1      int i=9000;
  21   1      while (i--);
  22   1      }


MODULE INFORMATION:   STATIC OVERLAYABLE
   CODE SIZE        =     41    ----
   CONSTANT SIZE    =   ----    ----
   XDATA SIZE       =   ----    ----
   PDATA SIZE       =   ----    ----
   DATA SIZE        =   ----    ----
   IDATA SIZE       =   ----    ----
   BIT SIZE         =   ----    ----
END OF MODULE INFORMATION.


C51 COMPILATION COMPLETE.  0 WARNING(S),  0 ERROR(S)
