C51 COMPILER V9.03   SERIAL                                                                11/30/2016 14:14:24 PAGE 1   


C51 COMPILER V9.03, COMPILATION OF MODULE SERIAL
OBJECT MODULE PLACED IN serial.OBJ
COMPILER INVOKED BY: C:\Keil\C51\BIN\C51.EXE serial.c BROWSE DEBUG OBJECTEXTEND

line level    source

   1          #include<reg51.h>
   2          sbit rs=P1^0;
   3          sbit rw=P1^1;
   4          sbit en=P1^2;
   5          void lcd_data(unsigned char x);
   6          void lcd_command(unsigned char x);
   7          void lcd_ini();
   8          void print_name(int i);
   9          void delay();
  10          void string(unsigned char *x)
  11          {
  12   1      while(*x)
  13   1      {
  14   2      SBUF=*x;
  15   2      while(TI==0);
  16   2      TI=0;
  17   2      delay();
  18   2      x++;
  19   2      }
  20   1      }
  21          void string1(unsigned char *x)
  22          {
  23   1      while(*x)
  24   1      {
  25   2      lcd_data(*x++);
  26   2      
  27   2      }
  28   1      }
  29          
  30          void main()
  31          {
  32   1      lcd_ini();
  33   1      TMOD=0x20;
  34   1      TH1=0xfd;
  35   1      TR1=1;
  36   1      SCON=0x50;
  37   1      while(1)
  38   1      print_name(11);
  39   1      }
  40          void print_name(int i)
  41          {
  42   1      char a[13]="pankaj";
  43   1      char b[13]="vimal";
  44   1      char c[13]="gaurav";
  45   1      char d[13]="himanshu";
  46   1      
  47   1      for(i=0;i<12;i++)
  48   1      {
  49   2      while(RI==0);
  50   2      {
  51   3      if(a[i]=="pankaj")
  52   3      a[i]=SBUF;
  53   3      RI=0;
  54   3      }
  55   2      }
C51 COMPILER V9.03   SERIAL                                                                11/30/2016 14:14:24 PAGE 2   

  56   1      a[i]=0;
  57   1      string1(a);
  58   1      }
  59          void lcd_ini()
  60          {
  61   1      lcd_command(0x38);
  62   1      lcd_command(0x06);
  63   1      lcd_command(0x01);
  64   1      lcd_command(0x0e);
  65   1      lcd_command(0x80);
  66   1      }
  67          void lcd_data(unsigned char x)
  68          {
  69   1      P2=x;
  70   1      rs=1;
  71   1      rw=0;
  72   1      en=1;
  73   1      delay();
  74   1      en=0;
  75   1      }
  76          void lcd_command(unsigned char x)
  77          {
  78   1      P2=x;
  79   1      rs=0;
  80   1      rw=0;
  81   1      en=1;
  82   1      delay();
  83   1      en=0;
  84   1      }
  85          void delay()
  86          {
  87   1      int i=5000;
  88   1      while(i--);
  89   1      }


MODULE INFORMATION:   STATIC OVERLAYABLE
   CODE SIZE        =    317    ----
   CONSTANT SIZE    =     59    ----
   XDATA SIZE       =   ----    ----
   PDATA SIZE       =   ----    ----
   DATA SIZE        =   ----      60
   IDATA SIZE       =   ----    ----
   BIT SIZE         =   ----    ----
END OF MODULE INFORMATION.


C51 COMPILATION COMPLETE.  0 WARNING(S),  0 ERROR(S)
