C51 COMPILER V9.03   SWITCH                                                                11/14/2016 11:18:43 PAGE 1   


C51 COMPILER V9.03, COMPILATION OF MODULE SWITCH
OBJECT MODULE PLACED IN switch.OBJ
COMPILER INVOKED BY: C:\Keil\C51\BIN\C51.EXE switch.c BROWSE DEBUG OBJECTEXTEND

line level    source

   1          #include<reg51.h>
   2          sbit switch1=P1^1;
   3          void delay();
   4          void main()
   5          {
   6   1      
   7   1      while(1)
   8   1      {if(switch1==0)
   9   2      {
  10   3      P2=0x11;
  11   3      
  12   3      }
  13   2      else
  14   2      P2=0x00;
  15   2      }
  16   1      
  17   1      }
  18          void delay()
  19          {
  20   1      int i=50000;
  21   1      while(i--);
  22   1      }


MODULE INFORMATION:   STATIC OVERLAYABLE
   CODE SIZE        =     28    ----
   CONSTANT SIZE    =   ----    ----
   XDATA SIZE       =   ----    ----
   PDATA SIZE       =   ----    ----
   DATA SIZE        =   ----    ----
   IDATA SIZE       =   ----    ----
   BIT SIZE         =   ----    ----
END OF MODULE INFORMATION.


C51 COMPILATION COMPLETE.  0 WARNING(S),  0 ERROR(S)
