C51 COMPILER V9.03   8051                                                                  12/05/2016 10:33:15 PAGE 1   


C51 COMPILER V9.03, COMPILATION OF MODULE 8051
OBJECT MODULE PLACED IN 8051.OBJ
COMPILER INVOKED BY: C:\Keil_v5\C51\BIN\C51.EXE 8051.c BROWSE DEBUG OBJECTEXTEND

line level    source

   1          #include<reg51.h>
   2          void delay()
   3          {
   4   1      int i=5;
   5   1      while(i--);
   6   1      }
   7          unsigned char rx()
   8          {
   9   1      while(RI==0);
  10   1      RI=0;
  11   1      return SBUF;    
  12   1      }
  13          void tx(unsigned char x)
  14          {SBUF=x;
  15   1      while(TI==0);
  16   1      TI=0;
  17   1      }
  18          void main()
  19          {unsigned char a[10]={0x3F, 0x06, 0x5B, 0x4F, 0x66, 0x6D , 0x7D, 0x07, 0x7F, 0x6F};
  20   1      int x=543;
  21   1      TMOD=0x20;
  22   1      TH1=-3;
  23   1      TR1=1;
  24   1      SCON=0x50;
  25   1      tx('A');
  26   1      while(1)
  27   1      {        
  28   2      if(RI==1)
  29   2      {
  30   3      x=SBUF;
  31   3      RI=0;   
  32   3      }
  33   2      P2=a[x/100];
  34   2      P1=~0x01;
  35   2      delay();
  36   2      P2=0x00;
  37   2      P2=a[(x%100)/10];
  38   2      P1=~0x02;
  39   2      delay();
  40   2      P2=0x00;
  41   2      P2=a[(x%10)];
  42   2      P1=~0x04;
  43   2      delay();
  44   2      P2=0x00;
  45   2      }
  46   1      }


MODULE INFORMATION:   STATIC OVERLAYABLE
   CODE SIZE        =    175    ----
   CONSTANT SIZE    =     10    ----
   XDATA SIZE       =   ----    ----
   PDATA SIZE       =   ----    ----
   DATA SIZE        =   ----      10
   IDATA SIZE       =   ----    ----
C51 COMPILER V9.03   8051                                                                  12/05/2016 10:33:15 PAGE 2   

   BIT SIZE         =   ----    ----
END OF MODULE INFORMATION.


C51 COMPILATION COMPLETE.  0 WARNING(S),  0 ERROR(S)
