C51 COMPILER V9.03   CLOCK                                                                 11/26/2016 12:54:54 PAGE 1   


C51 COMPILER V9.03, COMPILATION OF MODULE CLOCK
OBJECT MODULE PLACED IN .\clock.obj
COMPILER INVOKED BY: C:\Keil\C51\BIN\C51.EXE ..\digital clock\clock.c BROWSE DEBUG OBJECTEXTEND PRINT(.\clock.lst) OBJEC
                    -T(.\clock.obj)

line level    source

   1          #include<stdio.h>
   2          #include<reg51.h>
   3          sbit rs=P1^0;
   4          sbit rw=P1^1;
   5          sbit en=P1^2;
   6          sbit sw=P1^3;
   7          void timer_delay();
   8          void lcd_command(unsigned char x);
   9          void lcd_data(unsigned char x);
  10          void digi_clock();
  11          void lcd_integer(int x);
  12          void lcd_print(int z);
  13          void string(unsigned char *p)
  14          {
  15   1      while(*p)
  16   1      {
  17   2      lcd_data(*p++);
  18   2      }
  19   1      }
  20          void main()
  21          {         
  22   1      lcd_command(0x38);
  23   1      lcd_command(0x06);
  24   1      lcd_command(0x01);
  25   1      lcd_command(0x0e);
  26   1      while(1)
  27   1      {
  28   2      lcd_command(0x80);
  29   2      digi_clock();
  30   2      }
  31   1      
  32   1      }
  33          void digi_clock()
  34          {
  35   1      int hh=0,mm=0,ss=0;
  36   1      for(hh=0;hh<=23;hh++)
  37   1      {
  38   2      for(mm=0;mm<=59;mm++)
  39   2      {
  40   3      for(ss=0;ss<60;ss++)
  41   3      {  
  42   4      lcd_command(0x80);
  43   4      lcd_integer(hh);
  44   4      lcd_data(':');
  45   4      lcd_integer(mm);
  46   4      lcd_data(':');
  47   4      lcd_integer(ss);
  48   4      }
  49   3      }
  50   2      }
  51   1      }
  52          
  53          void lcd_data(unsigned char x)
  54          {
C51 COMPILER V9.03   CLOCK                                                                 11/26/2016 12:54:54 PAGE 2   

  55   1      P2=x;
  56   1      rs=1;
  57   1      rw=0;
  58   1      en=1;
  59   1      timer_delay();
  60   1      en=0;
  61   1      }
  62          void lcd_command(unsigned char x)
  63          {
  64   1      P2=x;
  65   1      rs=0;
  66   1      rw=0;
  67   1      en=1;
  68   1      timer_delay();
  69   1      en=0;
  70   1      }
  71          void timer_delay()
  72          {
  73   1      int i=0;
  74   1      for(i=0;i<10;i++)
  75   1      {
  76   2      TH0=0x4c;
  77   2      TL0=0x00;
  78   2      TR0=1;
  79   2      while(TF0==0);
  80   2      TR0=0;
  81   2      TF0=0;
  82   2      TH0=0x4c;
  83   2      TL0=0x00;
  84   2      TR0=1;
  85   2      while(TF0==0);
  86   2      TR0=0;
  87   2      TF0=0;
  88   2      }
  89   1      } 


MODULE INFORMATION:   STATIC OVERLAYABLE
   CODE SIZE        =    261    ----
   CONSTANT SIZE    =   ----    ----
   XDATA SIZE       =   ----    ----
   PDATA SIZE       =   ----    ----
   DATA SIZE        =   ----       9
   IDATA SIZE       =   ----    ----
   BIT SIZE         =   ----    ----
END OF MODULE INFORMATION.


C51 COMPILATION COMPLETE.  0 WARNING(S),  0 ERROR(S)
