C51 COMPILER V9.03   TIMER                                                                 11/26/2016 12:32:04 PAGE 1   


C51 COMPILER V9.03, COMPILATION OF MODULE TIMER
OBJECT MODULE PLACED IN timer.OBJ
COMPILER INVOKED BY: C:\Keil\C51\BIN\C51.EXE timer.c BROWSE DEBUG OBJECTEXTEND

line level    source

   1          #include<reg51.h>
   2          void timer_delay();
   3          void main()
   4          {
   5   1      TMOD=0x01;
   6   1      while (1)
   7   1      {
   8   2      timer_delay();
   9   2      P2=0x00;
  10   2      timer_delay();
  11   2      P2=0xff;
  12   2      }
  13   1      }
  14          void timer_delay()
  15          {
  16   1      int i=0;
  17   1      for(i=0;i<10;i++)
  18   1      {
  19   2      TH0=0x4c;
  20   2      TL0=0x00;
  21   2      TR0=1;
  22   2      while(TF0==0);
  23   2      TR0=0;
  24   2      TF0=0;
  25   2      TH0=0x4c;
  26   2      TL0=0x00;
  27   2      TR0=1;
  28   2      while(TF0==0);
  29   2      TR0=0;
  30   2      TF0=0;
  31   2      }
  32   1      }


MODULE INFORMATION:   STATIC OVERLAYABLE
   CODE SIZE        =     62    ----
   CONSTANT SIZE    =   ----    ----
   XDATA SIZE       =   ----    ----
   PDATA SIZE       =   ----    ----
   DATA SIZE        =   ----    ----
   IDATA SIZE       =   ----    ----
   BIT SIZE         =   ----    ----
END OF MODULE INFORMATION.


C51 COMPILATION COMPLETE.  0 WARNING(S),  0 ERROR(S)
