C51 COMPILER V9.03   SWITCH                                                                11/14/2016 11:41:14 PAGE 1   


C51 COMPILER V9.03, COMPILATION OF MODULE SWITCH
OBJECT MODULE PLACED IN switch.OBJ
COMPILER INVOKED BY: C:\Keil\C51\BIN\C51.EXE switch.c BROWSE DEBUG OBJECTEXTEND

line level    source

   1          #include<reg51.h>
   2          sbit switch1=P1^1;
   3          void delay();
   4          void main()
   5          {
   6   1      int i=0,j=0;
   7   1      while(1)
   8   1      {
   9   2      for(i=0;i<8;i++)
  10   2      {
  11   3      if(switch1==0)
  12   3      {
  13   4      P2=(1<<i)|j;
  14   4      delay();
  15   4      }
  16   3      else if(switch1==1)
  17   3      P2=(128>>i)|j;
  18   3      delay();
  19   3      }
  20   2      }
  21   1      }
  22          void delay()
  23          {
  24   1      int i=50000;
  25   1      while(i--);
  26   1      }


MODULE INFORMATION:   STATIC OVERLAYABLE
   CODE SIZE        =     98    ----
   CONSTANT SIZE    =   ----    ----
   XDATA SIZE       =   ----    ----
   PDATA SIZE       =   ----    ----
   DATA SIZE        =   ----       4
   IDATA SIZE       =   ----    ----
   BIT SIZE         =   ----    ----
END OF MODULE INFORMATION.


C51 COMPILATION COMPLETE.  0 WARNING(S),  0 ERROR(S)
